This is pdfTeX, Version 3.1415926-2.4-1.40.13 (TeX Live 2012) (format=pdflatex 2013.1.24)  28 SEP 2015 03:45
entering extended mode
 restricted \write18 enabled.
 %&-line parsing enabled.
**iclr-paper
(./iclr-paper.tex
LaTeX2e <2011/06/27>
Babel <v3.8m> and hyphenation patterns for english, dumylang, nohyphenation, ge
rman-x-2012-05-30, ngerman-x-2012-05-30, afrikaans, ancientgreek, ibycus, arabi
c, armenian, basque, bulgarian, catalan, pinyin, coptic, croatian, czech, danis
h, dutch, ukenglish, usenglishmax, esperanto, estonian, ethiopic, farsi, finnis
h, french, friulan, galician, german, ngerman, swissgerman, monogreek, greek, h
ungarian, icelandic, assamese, bengali, gujarati, hindi, kannada, malayalam, ma
rathi, oriya, panjabi, tamil, telugu, indonesian, interlingua, irish, italian, 
kurmanji, latin, latvian, lithuanian, mongolian, mongolianlmc, bokmal, nynorsk,
 polish, portuguese, romanian, romansh, russian, sanskrit, serbian, serbianc, s
lovak, slovenian, spanish, swedish, turkish, turkmen, ukrainian, uppersorbian, 
welsh, loaded.
(/usr/local/texlive/2012/texmf-dist/tex/latex/base/article.cls
Document Class: article 2007/10/19 v1.4h Standard LaTeX document class
(/usr/local/texlive/2012/texmf-dist/tex/latex/base/size10.clo
File: size10.clo 2007/10/19 v1.4h Standard LaTeX file (size option)
)
\c@part=\count79
\c@section=\count80
\c@subsection=\count81
\c@subsubsection=\count82
\c@paragraph=\count83
\c@subparagraph=\count84
\c@figure=\count85
\c@table=\count86
\abovecaptionskip=\skip41
\belowcaptionskip=\skip42
\bibindent=\dimen102
)
(./iclr-style/iclr2016_conference.sty
(/usr/local/texlive/2012/texmf-dist/tex/latex/eso-pic/eso-pic.sty
Package: eso-pic 2010/10/06 v2.0c eso-pic (RN)

(/usr/local/texlive/2012/texmf-dist/tex/generic/oberdiek/atbegshi.sty
Package: atbegshi 2011/10/05 v1.16 At begin shipout hook (HO)

(/usr/local/texlive/2012/texmf-dist/tex/generic/oberdiek/infwarerr.sty
Package: infwarerr 2010/04/08 v1.3 Providing info/warning/error messages (HO)
)
(/usr/local/texlive/2012/texmf-dist/tex/generic/oberdiek/ltxcmds.sty
Package: ltxcmds 2011/11/09 v1.22 LaTeX kernel commands for general use (HO)
)
(/usr/local/texlive/2012/texmf-dist/tex/generic/oberdiek/ifpdf.sty
Package: ifpdf 2011/01/30 v2.3 Provides the ifpdf switch (HO)
Package ifpdf Info: pdfTeX in PDF mode is detected.
))
(/usr/local/texlive/2012/texmf-dist/tex/latex/graphics/keyval.sty
Package: keyval 1999/03/16 v1.13 key=value parser (DPC)
\KV@toks@=\toks14
)
(/usr/local/texlive/2012/texmf-dist/tex/latex/xcolor/xcolor.sty
Package: xcolor 2007/01/21 v2.11 LaTeX color extensions (UK)

(/usr/local/texlive/2012/texmf-dist/tex/latex/latexconfig/color.cfg
File: color.cfg 2007/01/18 v1.5 color configuration of teTeX/TeXLive
)
Package xcolor Info: Driver file: pdftex.def on input line 225.

(/usr/local/texlive/2012/texmf-dist/tex/latex/pdftex-def/pdftex.def
File: pdftex.def 2011/05/27 v0.06d Graphics/color for pdfTeX
\Gread@gobject=\count87
)
Package xcolor Info: Model `cmy' substituted by `cmy0' on input line 1337.
Package xcolor Info: Model `hsb' substituted by `rgb' on input line 1341.
Package xcolor Info: Model `RGB' extended on input line 1353.
Package xcolor Info: Model `HTML' substituted by `rgb' on input line 1355.
Package xcolor Info: Model `Hsb' substituted by `hsb' on input line 1356.
Package xcolor Info: Model `tHsb' substituted by `hsb' on input line 1357.
Package xcolor Info: Model `HSB' substituted by `hsb' on input line 1358.
Package xcolor Info: Model `Gray' substituted by `gray' on input line 1359.
Package xcolor Info: Model `wave' substituted by `hsb' on input line 1360.
))
(/usr/local/texlive/2012/texmf-dist/tex/latex/fancyhdr/fancyhdr.sty
\fancy@headwidth=\skip43
\f@ncyO@elh=\skip44
\f@ncyO@erh=\skip45
\f@ncyO@olh=\skip46
\f@ncyO@orh=\skip47
\f@ncyO@elf=\skip48
\f@ncyO@erf=\skip49
\f@ncyO@olf=\skip50
\f@ncyO@orf=\skip51
)
(/usr/local/texlive/2012/texmf-dist/tex/latex/natbib/natbib.sty
Package: natbib 2010/09/13 8.31b (PWD, AO)
\bibhang=\skip52
\bibsep=\skip53
LaTeX Info: Redefining \cite on input line 694.
\c@NAT@ctr=\count88
))
(/usr/local/texlive/2012/texmf-dist/tex/latex/psnfss/times.sty
Package: times 2005/04/12 PSNFSS-v9.2a (SPQR) 
)
(/usr/local/texlive/2012/texmf-dist/tex/latex/hyperref/hyperref.sty
Package: hyperref 2012/05/13 v6.82q Hypertext links for LaTeX

(/usr/local/texlive/2012/texmf-dist/tex/generic/oberdiek/hobsub-hyperref.sty
Package: hobsub-hyperref 2012/05/28 v1.13 Bundle oberdiek, subset hyperref (HO)


(/usr/local/texlive/2012/texmf-dist/tex/generic/oberdiek/hobsub-generic.sty
Package: hobsub-generic 2012/05/28 v1.13 Bundle oberdiek, subset generic (HO)
Package: hobsub 2012/05/28 v1.13 Construct package bundles (HO)
Package hobsub Info: Skipping package `infwarerr' (already loaded).
Package hobsub Info: Skipping package `ltxcmds' (already loaded).
Package: ifluatex 2010/03/01 v1.3 Provides the ifluatex switch (HO)
Package ifluatex Info: LuaTeX not detected.
Package: ifvtex 2010/03/01 v1.5 Detect VTeX and its facilities (HO)
Package ifvtex Info: VTeX not detected.
Package: intcalc 2007/09/27 v1.1 Expandable calculations with integers (HO)
Package hobsub Info: Skipping package `ifpdf' (already loaded).
Package: etexcmds 2011/02/16 v1.5 Avoid name clashes with e-TeX commands (HO)
Package etexcmds Info: Could not find \expanded.
(etexcmds)             That can mean that you are not using pdfTeX 1.50 or
(etexcmds)             that some package has redefined \expanded.
(etexcmds)             In the latter case, load this package earlier.
Package: kvsetkeys 2012/04/25 v1.16 Key value parser (HO)
Package: kvdefinekeys 2011/04/07 v1.3 Define keys (HO)
Package: pdftexcmds 2011/11/29 v0.20 Utility functions of pdfTeX for LuaTeX (HO
)
Package pdftexcmds Info: LuaTeX not detected.
Package pdftexcmds Info: \pdf@primitive is available.
Package pdftexcmds Info: \pdf@ifprimitive is available.
Package pdftexcmds Info: \pdfdraftmode found.
Package: pdfescape 2011/11/25 v1.13 Implements pdfTeX's escape features (HO)
Package: bigintcalc 2012/04/08 v1.3 Expandable calculations on big integers (HO
)
Package: bitset 2011/01/30 v1.1 Handle bit-vector datatype (HO)
Package: uniquecounter 2011/01/30 v1.2 Provide unlimited unique counter (HO)
)
Package hobsub Info: Skipping package `hobsub' (already loaded).
Package: letltxmacro 2010/09/02 v1.4 Let assignment for LaTeX macros (HO)
Package: hopatch 2012/05/28 v1.2 Wrapper for package hooks (HO)
Package: xcolor-patch 2011/01/30 xcolor patch
Package: atveryend 2011/06/30 v1.8 Hooks at the very end of document (HO)
Package atveryend Info: \enddocument detected (standard20110627).
Package hobsub Info: Skipping package `atbegshi' (already loaded).
Package: refcount 2011/10/16 v3.4 Data extraction from label references (HO)
Package: hycolor 2011/01/30 v1.7 Color options for hyperref/bookmark (HO)
)
(/usr/local/texlive/2012/texmf-dist/tex/generic/ifxetex/ifxetex.sty
Package: ifxetex 2010/09/12 v0.6 Provides ifxetex conditional
)
(/usr/local/texlive/2012/texmf-dist/tex/latex/oberdiek/kvoptions.sty
Package: kvoptions 2011/06/30 v3.11 Key value format for package options (HO)
)
\@linkdim=\dimen103
\Hy@linkcounter=\count89
\Hy@pagecounter=\count90

(/usr/local/texlive/2012/texmf-dist/tex/latex/hyperref/pd1enc.def
File: pd1enc.def 2012/05/13 v6.82q Hyperref: PDFDocEncoding definition (HO)
)
\Hy@SavedSpaceFactor=\count91

(/usr/local/texlive/2012/texmf-dist/tex/latex/latexconfig/hyperref.cfg
File: hyperref.cfg 2002/06/06 v1.2 hyperref configuration of TeXLive
)
Package hyperref Info: Hyper figures OFF on input line 4062.
Package hyperref Info: Link nesting OFF on input line 4067.
Package hyperref Info: Hyper index ON on input line 4070.
Package hyperref Info: Plain pages OFF on input line 4077.
Package hyperref Info: Backreferencing OFF on input line 4082.
Package hyperref Info: Implicit mode ON; LaTeX internals redefined.
Package hyperref Info: Bookmarks ON on input line 4300.
\c@Hy@tempcnt=\count92

(/usr/local/texlive/2012/texmf-dist/tex/latex/url/url.sty
\Urlmuskip=\muskip10
Package: url 2006/04/12  ver 3.3  Verb mode for urls, etc.
)
LaTeX Info: Redefining \url on input line 4653.
\Fld@menulength=\count93
\Field@Width=\dimen104
\Fld@charsize=\dimen105
Package hyperref Info: Hyper figures OFF on input line 5773.
Package hyperref Info: Link nesting OFF on input line 5778.
Package hyperref Info: Hyper index ON on input line 5781.
Package hyperref Info: backreferencing OFF on input line 5788.
Package hyperref Info: Link coloring OFF on input line 5793.
Package hyperref Info: Link coloring with OCG OFF on input line 5798.
Package hyperref Info: PDF/A mode OFF on input line 5803.
LaTeX Info: Redefining \ref on input line 5843.
LaTeX Info: Redefining \pageref on input line 5847.
\Hy@abspage=\count94
\c@Item=\count95
\c@Hfootnote=\count96
)

Package hyperref Message: Driver (autodetected): hpdftex.

(/usr/local/texlive/2012/texmf-dist/tex/latex/hyperref/hpdftex.def
File: hpdftex.def 2012/05/13 v6.82q Hyperref driver for pdfTeX
\Fld@listcount=\count97
\c@bookmark@seq@number=\count98

(/usr/local/texlive/2012/texmf-dist/tex/latex/oberdiek/rerunfilecheck.sty
Package: rerunfilecheck 2011/04/15 v1.7 Rerun checks for auxiliary files (HO)
Package uniquecounter Info: New unique counter `rerunfilecheck' on input line 2
82.
)
\Hy@SectionHShift=\skip54
)
(/usr/local/texlive/2012/texmf-dist/tex/latex/amsmath/amsmath.sty
Package: amsmath 2000/07/18 v2.13 AMS math features
\@mathmargin=\skip55

For additional information on amsmath, use the `?' option.
(/usr/local/texlive/2012/texmf-dist/tex/latex/amsmath/amstext.sty
Package: amstext 2000/06/29 v2.01

(/usr/local/texlive/2012/texmf-dist/tex/latex/amsmath/amsgen.sty
File: amsgen.sty 1999/11/30 v2.0
\@emptytoks=\toks15
\ex@=\dimen106
))
(/usr/local/texlive/2012/texmf-dist/tex/latex/amsmath/amsbsy.sty
Package: amsbsy 1999/11/29 v1.2d
\pmbraise@=\dimen107
)
(/usr/local/texlive/2012/texmf-dist/tex/latex/amsmath/amsopn.sty
Package: amsopn 1999/12/14 v2.01 operator names
)
\inf@bad=\count99
LaTeX Info: Redefining \frac on input line 211.
\uproot@=\count100
\leftroot@=\count101
LaTeX Info: Redefining \overline on input line 307.
\classnum@=\count102
\DOTSCASE@=\count103
LaTeX Info: Redefining \ldots on input line 379.
LaTeX Info: Redefining \dots on input line 382.
LaTeX Info: Redefining \cdots on input line 467.
\Mathstrutbox@=\box26
\strutbox@=\box27
\big@size=\dimen108
LaTeX Font Info:    Redeclaring font encoding OML on input line 567.
LaTeX Font Info:    Redeclaring font encoding OMS on input line 568.
\macc@depth=\count104
\c@MaxMatrixCols=\count105
\dotsspace@=\muskip11
\c@parentequation=\count106
\dspbrk@lvl=\count107
\tag@help=\toks16
\row@=\count108
\column@=\count109
\maxfields@=\count110
\andhelp@=\toks17
\eqnshift@=\dimen109
\alignsep@=\dimen110
\tagshift@=\dimen111
\tagwidth@=\dimen112
\totwidth@=\dimen113
\lineht@=\dimen114
\@envbody=\toks18
\multlinegap=\skip56
\multlinetaggap=\skip57
\mathdisplay@stack=\toks19
LaTeX Info: Redefining \[ on input line 2666.
LaTeX Info: Redefining \] on input line 2667.
)
(/usr/local/texlive/2012/texmf-dist/tex/latex/graphics/graphicx.sty
Package: graphicx 1999/02/16 v1.0f Enhanced LaTeX Graphics (DPC,SPQR)

(/usr/local/texlive/2012/texmf-dist/tex/latex/graphics/graphics.sty
Package: graphics 2009/02/05 v1.0o Standard LaTeX Graphics (DPC,SPQR)

(/usr/local/texlive/2012/texmf-dist/tex/latex/graphics/trig.sty
Package: trig 1999/03/16 v1.09 sin cos tan (DPC)
)
(/usr/local/texlive/2012/texmf-dist/tex/latex/latexconfig/graphics.cfg
File: graphics.cfg 2010/04/23 v1.9 graphics configuration of TeX Live
)
Package graphics Info: Driver file: pdftex.def on input line 91.
)
\Gin@req@height=\dimen115
\Gin@req@width=\dimen116
)
(/usr/local/texlive/2012/texmf-dist/tex/latex/caption/caption.sty
Package: caption 2012/02/19 v3.2f Customizing captions (AR)

(/usr/local/texlive/2012/texmf-dist/tex/latex/caption/caption3.sty
Package: caption3 2012/01/12 v1.4b caption3 kernel (AR)
\captionmargin=\dimen117
\captionmargin@=\dimen118
\captionwidth=\dimen119
\caption@indent=\dimen120
\caption@parindent=\dimen121
\caption@hangindent=\dimen122
)
\c@ContinuedFloat=\count111
Package caption Info: hyperref package is loaded.
)
(/usr/local/texlive/2012/texmf-dist/tex/latex/subfig/subfig.sty
Package: subfig 2005/06/28 ver: 1.3 subfig package
\c@KVtest=\count112
\sf@farskip=\skip58
\sf@captopadj=\dimen123
\sf@capskip=\skip59
\sf@nearskip=\skip60
\c@subfigure=\count113
\c@subfigure@save=\count114
\c@lofdepth=\count115
\c@subtable=\count116
\c@subtable@save=\count117
\c@lotdepth=\count118
\sf@top=\skip61
\sf@bottom=\skip62
)
(./iclr-paper.aux

LaTeX Warning: Label `fig:label' multiply defined.


LaTeX Warning: Label `fig:label' multiply defined.


LaTeX Warning: Label `fig:label' multiply defined.


LaTeX Warning: Label `fig:label' multiply defined.

)
\openout1 = `iclr-paper.aux'.

LaTeX Font Info:    Checking defaults for OML/cmm/m/it on input line 50.
LaTeX Font Info:    ... okay on input line 50.
LaTeX Font Info:    Checking defaults for T1/cmr/m/n on input line 50.
LaTeX Font Info:    ... okay on input line 50.
LaTeX Font Info:    Checking defaults for OT1/cmr/m/n on input line 50.
LaTeX Font Info:    ... okay on input line 50.
LaTeX Font Info:    Checking defaults for OMS/cmsy/m/n on input line 50.
LaTeX Font Info:    ... okay on input line 50.
LaTeX Font Info:    Checking defaults for OMX/cmex/m/n on input line 50.
LaTeX Font Info:    ... okay on input line 50.
LaTeX Font Info:    Checking defaults for U/cmr/m/n on input line 50.
LaTeX Font Info:    ... okay on input line 50.
LaTeX Font Info:    Checking defaults for PD1/pdf/m/n on input line 50.
LaTeX Font Info:    ... okay on input line 50.
LaTeX Font Info:    Try loading font information for OT1+ptm on input line 50.
 (/usr/local/texlive/2012/texmf-dist/tex/latex/psnfss/ot1ptm.fd
File: ot1ptm.fd 2001/06/04 font definitions for OT1/ptm.
)
\AtBeginShipoutBox=\box28

(/usr/local/texlive/2012/texmf-dist/tex/context/base/supp-pdf.mkii
[Loading MPS to PDF converter (version 2006.09.02).]
\scratchcounter=\count119
\scratchdimen=\dimen124
\scratchbox=\box29
\nofMPsegments=\count120
\nofMParguments=\count121
\everyMPshowfont=\toks20
\MPscratchCnt=\count122
\MPscratchDim=\dimen125
\MPnumerator=\count123
\makeMPintoPDFobject=\count124
\everyMPtoPDFconversion=\toks21
)
Package hyperref Info: Link coloring OFF on input line 50.
 (/usr/local/texlive/2012/texmf-dist/tex/latex/hyperref/nameref.sty
Package: nameref 2010/04/30 v2.40 Cross-referencing by name of section

(/usr/local/texlive/2012/texmf-dist/tex/generic/oberdiek/gettitlestring.sty
Package: gettitlestring 2010/12/03 v1.4 Cleanup title references (HO)
)
\c@section@level=\count125
)
LaTeX Info: Redefining \ref on input line 50.
LaTeX Info: Redefining \pageref on input line 50.
LaTeX Info: Redefining \nameref on input line 50.

(./iclr-paper.out) (./iclr-paper.out)
\@outlinefile=\write3
\openout3 = `iclr-paper.out'.


(/usr/local/texlive/2012/texmf-dist/tex/latex/oberdiek/epstopdf-base.sty
Package: epstopdf-base 2010/02/09 v2.5 Base part for package epstopdf

(/usr/local/texlive/2012/texmf-dist/tex/latex/oberdiek/grfext.sty
Package: grfext 2010/08/19 v1.1 Manage graphics extensions (HO)
)
Package grfext Info: Graphics extension search list:
(grfext)             [.png,.pdf,.jpg,.mps,.jpeg,.jbig2,.jb2,.PNG,.PDF,.JPG,.JPE
G,.JBIG2,.JB2,.eps]
(grfext)             \AppendGraphicsExtensions on input line 452.

(/usr/local/texlive/2012/texmf-dist/tex/latex/latexconfig/epstopdf-sys.cfg
File: epstopdf-sys.cfg 2010/07/13 v1.3 Configuration of (r)epstopdf for TeX Liv
e
))
Package caption Info: Begin \AtBeginDocument code.
Package caption Info: subfig package v1.3 is loaded.
Package caption Info: End \AtBeginDocument code.
LaTeX Font Info:    Font shape `OT1/ptm/bx/n' in size <10> not available
(Font)              Font shape `OT1/ptm/b/n' tried instead on input line 53.
LaTeX Font Info:    Try loading font information for OT1+pcr on input line 53.

(/usr/local/texlive/2012/texmf-dist/tex/latex/psnfss/ot1pcr.fd
File: ot1pcr.fd 2001/06/04 font definitions for OT1/pcr.
)
LaTeX Font Info:    Try loading font information for OMS+pcr on input line 53.

(/usr/local/texlive/2012/texmf-dist/tex/latex/psnfss/omspcr.fd
File: omspcr.fd 
)
LaTeX Font Info:    Font shape `OMS/pcr/m/n' in size <10> not available
(Font)              Font shape `OMS/cmsy/m/n' tried instead on input line 53.

Overfull \hbox (7.51506pt too wide) in paragraph at lines 53--53
[][] 
 []

[1{/usr/local/texlive/2012/texmf-var/fonts/map/pdftex/updmap/pdftex.map}

]
[2]
LaTeX Font Info:    Try loading font information for OML+ptm on input line 140.

 (/usr/local/texlive/2012/texmf-dist/tex/latex/psnfss/omlptm.fd
File: omlptm.fd 
)
LaTeX Font Info:    Font shape `OML/ptm/m/it' in size <10> not available
(Font)              Font shape `OML/cmm/m/it' tried instead on input line 140.


LaTeX Warning: Reference `fig:fig1' on page 3 undefined on input line 140.

<figures/5-7-4.png, id=155, 60.225pt x 60.225pt>
File: figures/5-7-4.png Graphic file (type png)
 <use figures/5-7-4.png>
Package pdftex.def Info: figures/5-7-4.png used on input line 146.
(pdftex.def)             Requested size: 39.75092pt x 39.75229pt.

<figures/5-7-6.png, id=156, 60.225pt x 60.225pt>
File: figures/5-7-6.png Graphic file (type png)
 <use figures/5-7-6.png>
Package pdftex.def Info: figures/5-7-6.png used on input line 150.
(pdftex.def)             Requested size: 39.75092pt x 39.75229pt.

<figures/5-7-9.png, id=157, 60.225pt x 60.225pt>
File: figures/5-7-9.png Graphic file (type png)
 <use figures/5-7-9.png>
Package pdftex.def Info: figures/5-7-9.png used on input line 154.
(pdftex.def)             Requested size: 39.75092pt x 39.75229pt.

<figures/5-7-13.png, id=158, 60.225pt x 60.225pt>
File: figures/5-7-13.png Graphic file (type png)
 <use figures/5-7-13.png>
Package pdftex.def Info: figures/5-7-13.png used on input line 158.
(pdftex.def)             Requested size: 39.75092pt x 39.75229pt.

<figures/5-7-17.png, id=159, 60.225pt x 60.225pt>
File: figures/5-7-17.png Graphic file (type png)
 <use figures/5-7-17.png>
Package pdftex.def Info: figures/5-7-17.png used on input line 162.
(pdftex.def)             Requested size: 39.75092pt x 39.75229pt.

Overfull \hbox (2.09851pt too wide) in paragraph at lines 163--163
[]|[]| 
 []

<figures/5-7-22.png, id=160, 60.225pt x 60.225pt>
File: figures/5-7-22.png Graphic file (type png)
 <use figures/5-7-22.png>
Package pdftex.def Info: figures/5-7-22.png used on input line 166.
(pdftex.def)             Requested size: 39.75092pt x 39.75229pt.

Overfull \hbox (2.09851pt too wide) in paragraph at lines 167--167
[]|[]| 
 []

<figures/5-7-26.png, id=161, 60.225pt x 60.225pt>
File: figures/5-7-26.png Graphic file (type png)
 <use figures/5-7-26.png>
Package pdftex.def Info: figures/5-7-26.png used on input line 170.
(pdftex.def)             Requested size: 39.75092pt x 39.75229pt.

Overfull \hbox (2.09851pt too wide) in paragraph at lines 171--171
[]|[]| 
 []

<figures/5-7-27.png, id=162, 60.225pt x 60.225pt>
File: figures/5-7-27.png Graphic file (type png)
 <use figures/5-7-27.png>
Package pdftex.def Info: figures/5-7-27.png used on input line 174.
(pdftex.def)             Requested size: 39.75092pt x 39.75229pt.

Overfull \hbox (2.09851pt too wide) in paragraph at lines 175--175
[]|[]| 
 []

<figures/9-2-4.png, id=163, 60.225pt x 60.225pt>
File: figures/9-2-4.png Graphic file (type png)
 <use figures/9-2-4.png>
Package pdftex.def Info: figures/9-2-4.png used on input line 179.
(pdftex.def)             Requested size: 39.75092pt x 39.75229pt.

Overfull \hbox (1.9186pt too wide) in paragraph at lines 180--180
[]|[]| 
 []

<figures/9-2-6.png, id=164, 60.225pt x 60.225pt>
File: figures/9-2-6.png Graphic file (type png)
 <use figures/9-2-6.png>
Package pdftex.def Info: figures/9-2-6.png used on input line 183.
(pdftex.def)             Requested size: 39.75092pt x 39.75229pt.

Overfull \hbox (1.9186pt too wide) in paragraph at lines 184--184
[]|[]| 
 []

<figures/9-2-9.png, id=165, 60.225pt x 60.225pt>
File: figures/9-2-9.png Graphic file (type png)
 <use figures/9-2-9.png>
Package pdftex.def Info: figures/9-2-9.png used on input line 187.
(pdftex.def)             Requested size: 39.75092pt x 39.75229pt.

Overfull \hbox (1.9186pt too wide) in paragraph at lines 188--188
[]|[]| 
 []

<figures/9-2-13.png, id=166, 60.225pt x 60.225pt>
File: figures/9-2-13.png Graphic file (type png)
 <use figures/9-2-13.png>
Package pdftex.def Info: figures/9-2-13.png used on input line 191.
(pdftex.def)             Requested size: 39.75092pt x 39.75229pt.

Overfull \hbox (1.9186pt too wide) in paragraph at lines 192--192
[]|[]| 
 []

<figures/9-2-17.png, id=167, 60.225pt x 60.225pt>
File: figures/9-2-17.png Graphic file (type png)
 <use figures/9-2-17.png>
Package pdftex.def Info: figures/9-2-17.png used on input line 195.
(pdftex.def)             Requested size: 39.75092pt x 39.75229pt.

Overfull \hbox (4.32846pt too wide) in paragraph at lines 196--196
[]|[]| 
 []

<figures/9-2-22.png, id=168, 60.225pt x 60.225pt>
File: figures/9-2-22.png Graphic file (type png)
 <use figures/9-2-22.png>
Package pdftex.def Info: figures/9-2-22.png used on input line 199.
(pdftex.def)             Requested size: 39.75092pt x 39.75229pt.

Overfull \hbox (4.32846pt too wide) in paragraph at lines 200--200
[]|[]| 
 []

<figures/9-2-26.png, id=169, 60.225pt x 60.225pt>
File: figures/9-2-26.png Graphic file (type png)
 <use figures/9-2-26.png>
Package pdftex.def Info: figures/9-2-26.png used on input line 203.
(pdftex.def)             Requested size: 39.75092pt x 39.75229pt.

Overfull \hbox (4.32846pt too wide) in paragraph at lines 204--204
[]|[]| 
 []

<figures/9-2-27.png, id=170, 60.225pt x 60.225pt>
File: figures/9-2-27.png Graphic file (type png)
 <use figures/9-2-27.png>
Package pdftex.def Info: figures/9-2-27.png used on input line 207.
(pdftex.def)             Requested size: 39.75092pt x 39.75229pt.

Overfull \hbox (4.32846pt too wide) in paragraph at lines 208--208
[]|[]| 
 []

<figures/1-0-4.png, id=171, 60.225pt x 60.225pt>
File: figures/1-0-4.png Graphic file (type png)
 <use figures/1-0-4.png>
Package pdftex.def Info: figures/1-0-4.png used on input line 212.
(pdftex.def)             Requested size: 39.75092pt x 39.75229pt.

<figures/1-0-6.png, id=172, 60.225pt x 60.225pt>
File: figures/1-0-6.png Graphic file (type png)
 <use figures/1-0-6.png>
Package pdftex.def Info: figures/1-0-6.png used on input line 216.
(pdftex.def)             Requested size: 39.75092pt x 39.75229pt.

Overfull \hbox (1.9186pt too wide) in paragraph at lines 217--217
[]|[]| 
 []

<figures/1-0-9.png, id=173, 60.225pt x 60.225pt>
File: figures/1-0-9.png Graphic file (type png)
 <use figures/1-0-9.png>
Package pdftex.def Info: figures/1-0-9.png used on input line 220.
(pdftex.def)             Requested size: 39.75092pt x 39.75229pt.

Overfull \hbox (1.9186pt too wide) in paragraph at lines 221--221
[]|[]| 
 []

<figures/1-0-12.png, id=174, 60.225pt x 60.225pt>
File: figures/1-0-12.png Graphic file (type png)
 <use figures/1-0-12.png>
Package pdftex.def Info: figures/1-0-12.png used on input line 224.
(pdftex.def)             Requested size: 39.75092pt x 39.75229pt.

<figures/1-0-17.png, id=175, 60.225pt x 60.225pt>
File: figures/1-0-17.png Graphic file (type png)
 <use figures/1-0-17.png>
Package pdftex.def Info: figures/1-0-17.png used on input line 228.
(pdftex.def)             Requested size: 39.75092pt x 39.75229pt.

Overfull \hbox (0.8086pt too wide) in paragraph at lines 229--229
[]|[]| 
 []

<figures/1-0-22.png, id=176, 60.225pt x 60.225pt>
File: figures/1-0-22.png Graphic file (type png)
 <use figures/1-0-22.png>
Package pdftex.def Info: figures/1-0-22.png used on input line 232.
(pdftex.def)             Requested size: 39.75092pt x 39.75229pt.

Overfull \hbox (0.8086pt too wide) in paragraph at lines 233--233
[]|[]| 
 []

<figures/1-0-25.png, id=177, 60.225pt x 60.225pt>
File: figures/1-0-25.png Graphic file (type png)
 <use figures/1-0-25.png>
Package pdftex.def Info: figures/1-0-25.png used on input line 236.
(pdftex.def)             Requested size: 39.75092pt x 39.75229pt.

<figures/1-0-28.png, id=178, 60.225pt x 60.225pt>
File: figures/1-0-28.png Graphic file (type png)
 <use figures/1-0-28.png>
Package pdftex.def Info: figures/1-0-28.png used on input line 240.
(pdftex.def)             Requested size: 39.75092pt x 39.75229pt.

Overfull \hbox (9.13843pt too wide) in paragraph at lines 241--241
[]|[]| 
 []

<figures/4-8-4.png, id=179, 60.225pt x 60.225pt>
File: figures/4-8-4.png Graphic file (type png)
 <use figures/4-8-4.png>
Package pdftex.def Info: figures/4-8-4.png used on input line 245.
(pdftex.def)             Requested size: 39.75092pt x 39.75229pt.

<figures/4-8-6.png, id=180, 60.225pt x 60.225pt>
File: figures/4-8-6.png Graphic file (type png)
 <use figures/4-8-6.png>
Package pdftex.def Info: figures/4-8-6.png used on input line 249.
(pdftex.def)             Requested size: 39.75092pt x 39.75229pt.

<figures/4-8-9.png, id=181, 60.225pt x 60.225pt>
File: figures/4-8-9.png Graphic file (type png)
 <use figures/4-8-9.png>
Package pdftex.def Info: figures/4-8-9.png used on input line 253.
(pdftex.def)             Requested size: 39.75092pt x 39.75229pt.

Overfull \hbox (1.36838pt too wide) in paragraph at lines 254--254
[]|[]| 
 []

<figures/4-8-14.png, id=182, 60.225pt x 60.225pt>
File: figures/4-8-14.png Graphic file (type png)
 <use figures/4-8-14.png>
Package pdftex.def Info: figures/4-8-14.png used on input line 257.
(pdftex.def)             Requested size: 39.75092pt x 39.75229pt.

Overfull \hbox (2.09851pt too wide) in paragraph at lines 258--258
[]|[]| 
 []

<figures/4-8-18.png, id=183, 60.225pt x 60.225pt>
File: figures/4-8-18.png Graphic file (type png)
 <use figures/4-8-18.png>
Package pdftex.def Info: figures/4-8-18.png used on input line 261.
(pdftex.def)             Requested size: 39.75092pt x 39.75229pt.

Overfull \hbox (2.09851pt too wide) in paragraph at lines 262--262
[]|[]| 
 []

<figures/4-8-22.png, id=184, 60.225pt x 60.225pt>
File: figures/4-8-22.png Graphic file (type png)
 <use figures/4-8-22.png>
Package pdftex.def Info: figures/4-8-22.png used on input line 265.
(pdftex.def)             Requested size: 39.75092pt x 39.75229pt.

Overfull \hbox (0.8086pt too wide) in paragraph at lines 266--266
[]|[]| 
 []

<figures/4-8-25.png, id=185, 60.225pt x 60.225pt>
File: figures/4-8-25.png Graphic file (type png)
 <use figures/4-8-25.png>
Package pdftex.def Info: figures/4-8-25.png used on input line 269.
(pdftex.def)             Requested size: 39.75092pt x 39.75229pt.

Overfull \hbox (7.10835pt too wide) in paragraph at lines 270--270
[]|[]| 
 []

<figures/4-8-28.png, id=186, 60.225pt x 60.225pt>
File: figures/4-8-28.png Graphic file (type png)
 <use figures/4-8-28.png>
Package pdftex.def Info: figures/4-8-28.png used on input line 273.
(pdftex.def)             Requested size: 39.75092pt x 39.75229pt.

Overfull \hbox (14.14827pt too wide) in paragraph at lines 274--274
[]|[]| 
 []

[3]
<figures/a-yellow-school-bus-parked-in-a-parking-lot-sharp.png, id=207, 128.48p
t x 64.24pt>
File: figures/a-yellow-school-bus-parked-in-a-parking-lot-sharp.png Graphic fil
e (type png)

<use figures/a-yellow-school-bus-parked-in-a-parking-lot-sharp.png>
Package pdftex.def Info: figures/a-yellow-school-bus-parked-in-a-parking-lot-sh
arp.png used on input line 297.
(pdftex.def)             Requested size: 87.44717pt x 43.72379pt.

Underfull \hbox (badness 4217) in paragraph at lines 297--297
[]|\OT1/ptm/m/n/9 A $[]$ school bus
 []


<figures/a-red-school-bus-parked-in-a-parking-lot-sharp.png, id=208, 128.48pt x
 64.24pt>
File: figures/a-red-school-bus-parked-in-a-parking-lot-sharp.png Graphic file (
type png)
 <use figures/a-red-school-bus-parked-in-a-parking-lot-sharp.png>
Package pdftex.def Info: figures/a-red-school-bus-parked-in-a-parking-lot-sharp
.png used on input line 300.
(pdftex.def)             Requested size: 87.44717pt x 43.72379pt.

<figures/a-green-school-bus-parked-in-a-parking-lot-sharp.png, id=209, 128.48pt
 x 64.24pt>
File: figures/a-green-school-bus-parked-in-a-parking-lot-sharp.png Graphic file
 (type png)
 <use figures/a-green-school-bus-parked-in-a-parking-lot-sharp.png>
Package pdftex.def Info: figures/a-green-school-bus-parked-in-a-parking-lot-sha
rp.png used on input line 303.
(pdftex.def)             Requested size: 87.44717pt x 43.72379pt.

Underfull \hbox (badness 10000) in paragraph at lines 303--303
[]|\OT1/ptm/m/n/9 A $[]$ school bus
 []


<figures/a-blue-school-bus-parked-in-a-parking-lot-sharp.png, id=210, 128.48pt 
x 64.24pt>
File: figures/a-blue-school-bus-parked-in-a-parking-lot-sharp.png Graphic file 
(type png)
 <use figures/a-blue-school-bus-parked-in-a-parking-lot-sharp.png>
Package pdftex.def Info: figures/a-blue-school-bus-parked-in-a-parking-lot-shar
p.png used on input line 306.
(pdftex.def)             Requested size: 87.44717pt x 43.72379pt.

Underfull \hbox (badness 10000) in paragraph at lines 306--306
[]|\OT1/ptm/m/n/9 A $[]$ school bus
 []


Underfull \vbox (badness 1342) has occurred while \output is active []

 [4 <./figures/5-7-4.png (PNG copy)> <./figures/5-7-6.png (PNG copy)> <./figure
s/5-7-9.png (PNG copy)> <./figures/5-7-13.png (PNG copy)> <./figures/5-7-17.png
 (PNG copy)> <./figures/5-7-22.png (PNG copy)> <./figures/5-7-26.png (PNG copy)
> <./figures/5-7-27.png (PNG copy)> <./figures/9-2-4.png (PNG copy)> <./figures
/9-2-6.png (PNG copy)> <./figures/9-2-9.png (PNG copy)> <./figures/9-2-13.png (
PNG copy)> <./figures/9-2-17.png (PNG copy)> <./figures/9-2-22.png (PNG copy)> 
<./figures/9-2-26.png (PNG copy)> <./figures/9-2-27.png (PNG copy)> <./figures/
1-0-4.png (PNG copy)> <./figures/1-0-6.png (PNG copy)> <./figures/1-0-9.png (PN
G copy)> <./figures/1-0-12.png (PNG copy)> <./figures/1-0-17.png (PNG copy)> <.
/figures/1-0-22.png (PNG copy)> <./figures/1-0-25.png (PNG copy)> <./figures/1-
0-28.png (PNG copy)> <./figures/4-8-4.png (PNG copy)> <./figures/4-8-6.png (PNG
 copy)> <./figures/4-8-9.png (PNG copy)> <./figures/4-8-14.png (PNG copy)> <./f
igures/4-8-18.png (PNG copy)> <./figures/4-8-22.png (PNG copy)> <./figures/4-8-
25.png (PNG copy)> <./figures/4-8-28.png (PNG copy)> <./figures/a-yellow-school
-bus-parked-in-a-parking-lot-sharp.png (PNG copy)> <./figures/a-red-school-bus-
parked-in-a-parking-lot-sharp.png (PNG copy)> <./figures/a-green-school-bus-par
ked-in-a-parking-lot-sharp.png (PNG copy)> <./figures/a-blue-school-bus-parked-
in-a-parking-lot-sharp.png (PNG copy)>]pdfTeX warning (ext4): destination with 
the same identifier (name{subfigure.34.1}) has been already used, duplicate ign
ored
<to be read again> 
                   \relax 
l.320 \subfloat
               [A very large commercial plane flying in the \underline{blue}...

<figures/a-very-large-commercial-plane-flying-in-the-blue-skies-sharp.png, id=2
22, 289.08pt x 64.24pt>
File: figures/a-very-large-commercial-plane-flying-in-the-blue-skies-sharp.png 
Graphic file (type png)

<use figures/a-very-large-commercial-plane-flying-in-the-blue-skies-sharp.png>
Package pdftex.def Info: figures/a-very-large-commercial-plane-flying-in-the-bl
ue-skies-sharp.png used on input line 321.
(pdftex.def)             Requested size: 190.79109pt x 42.39754pt.
pdfTeX warning (ext4): destination with the same identifier (name{subfigure.34.
2}) has been already used, duplicate ignored
<to be read again> 
                   \relax 
l.323 \subfloat
               [A very large commercial plane flying in the \underline{cloud...

<figures/a-very-large-commercial-plane-flying-in-the-cloudy-skies-sharp.png, id
=223, 289.08pt x 64.24pt>
File: figures/a-very-large-commercial-plane-flying-in-the-cloudy-skies-sharp.pn
g Graphic file (type png)

<use figures/a-very-large-commercial-plane-flying-in-the-cloudy-skies-sharp.png
>
Package pdftex.def Info: figures/a-very-large-commercial-plane-flying-in-the-cl
oudy-skies-sharp.png used on input line 324.
(pdftex.def)             Requested size: 190.79109pt x 42.39754pt.
pdfTeX warning (ext4): destination with the same identifier (name{subfigure.34.
1}) has been already used, duplicate ignored
<to be read again> 
                   \relax 
l.336 \subfloat
               [A heard of elephants walking across a \underline{dry} grass ...

<figures/a-herd-of-elephants-walking-across-a-dry-grass-field-sharp.png, id=224
, 289.08pt x 64.24pt>
File: figures/a-herd-of-elephants-walking-across-a-dry-grass-field-sharp.png Gr
aphic file (type png)

<use figures/a-herd-of-elephants-walking-across-a-dry-grass-field-sharp.png>
Package pdftex.def Info: figures/a-herd-of-elephants-walking-across-a-dry-grass
-field-sharp.png used on input line 337.
(pdftex.def)             Requested size: 190.79109pt x 42.39754pt.
pdfTeX warning (ext4): destination with the same identifier (name{subfigure.34.
2}) has been already used, duplicate ignored
<to be read again> 
                   \relax 
l.339 \subfloat
               [A heard of elephants walking across a \underline{green} gras...

<figures/a-herd-of-elephants-walking-across-a-green-grass-field-sharp.png, id=2
25, 289.08pt x 64.24pt>
File: figures/a-herd-of-elephants-walking-across-a-green-grass-field-sharp.png 
Graphic file (type png)

<use figures/a-herd-of-elephants-walking-across-a-green-grass-field-sharp.png>
Package pdftex.def Info: figures/a-herd-of-elephants-walking-across-a-green-gra
ss-field-sharp.png used on input line 340.
(pdftex.def)             Requested size: 190.79109pt x 42.39754pt.
pdfTeX warning (ext4): destination with the same identifier (name{subfigure.34.
1}) has been already used, duplicate ignored
<to be read again> 
                   \relax 
l.356 \subfloat
               [The \underline{decadent chocolate dessert} is on the table.
<figures/the-decadent-chocolate-dessert-is-on-the-table-2-sharp.png, id=226, 28
9.08pt x 64.24pt>
File: figures/the-decadent-chocolate-dessert-is-on-the-table-2-sharp.png Graphi
c file (type png)

<use figures/the-decadent-chocolate-dessert-is-on-the-table-2-sharp.png>
Package pdftex.def Info: figures/the-decadent-chocolate-dessert-is-on-the-table
-2-sharp.png used on input line 357.
(pdftex.def)             Requested size: 190.79109pt x 42.39754pt.
pdfTeX warning (ext4): destination with the same identifier (name{subfigure.34.
2}) has been already used, duplicate ignored
<to be read again> 
                   \relax 
l.359 \subfloat
               [The \underline{bowl of banas} is on the table.
<figures/a-bowl-of-bananas-is-on-the-table-2-sharp.png, id=227, 289.08pt x 64.2
4pt>
File: figures/a-bowl-of-bananas-is-on-the-table-2-sharp.png Graphic file (type 
png)
 <use figures/a-bowl-of-bananas-is-on-the-table-2-sharp.png>
Package pdftex.def Info: figures/a-bowl-of-bananas-is-on-the-table-2-sharp.png 
used on input line 360.
(pdftex.def)             Requested size: 190.79109pt x 42.39754pt.
pdfTeX warning (ext4): destination with the same identifier (name{subfigure.34.
1}) has been already used, duplicate ignored
<to be read again> 
                   \relax 
l.372 \subfloat
               [A vintage photo of a \underline{cat}.
<figures/a-vintage-photo-of-a-cat-sharp.png, id=228, 289.08pt x 64.24pt>
File: figures/a-vintage-photo-of-a-cat-sharp.png Graphic file (type png)

<use figures/a-vintage-photo-of-a-cat-sharp.png>
Package pdftex.def Info: figures/a-vintage-photo-of-a-cat-sharp.png used on inp
ut line 373.
(pdftex.def)             Requested size: 190.79109pt x 42.39754pt.
pdfTeX warning (ext4): destination with the same identifier (name{subfigure.34.
2}) has been already used, duplicate ignored
<to be read again> 
                   \relax 
l.375 \subfloat
               [A vintage photo of a \underline{dog}.
<figures/a-vintage-photo-of-a-dog-sharp.png, id=229, 289.08pt x 64.24pt>
File: figures/a-vintage-photo-of-a-dog-sharp.png Graphic file (type png)

<use figures/a-vintage-photo-of-a-dog-sharp.png>
Package pdftex.def Info: figures/a-vintage-photo-of-a-dog-sharp.png used on inp
ut line 376.
(pdftex.def)             Requested size: 190.79109pt x 42.39754pt.
pdfTeX warning (ext4): destination with the same identifier (name{subfigure.34.
1}) has been already used, duplicate ignored
<to be read again> 
                   \relax 
l.402 \subfloat
               {\includegraphics[width=0.22\textwidth]{figures/a-group-of-pe...

<figures/a-group-of-people-walk-on-a-beach-with-surf-boards-sharp.png, id=230, 
128.48pt x 128.48pt>
File: figures/a-group-of-people-walk-on-a-beach-with-surf-boards-sharp.png Grap
hic file (type png)

<use figures/a-group-of-people-walk-on-a-beach-with-surf-boards-sharp.png>
Package pdftex.def Info: figures/a-group-of-people-walk-on-a-beach-with-surf-bo
ards-sharp.png used on input line 402.
(pdftex.def)             Requested size: 87.44717pt x 87.44757pt.
pdfTeX warning (ext4): destination with the same identifier (name{subfigure.34.
2}) has been already used, duplicate ignored
<to be read again> 
                   \relax 
l.404 \subfloat
               {\includegraphics[width=0.22\textwidth]{figures/a-group-of-pe...

<figures/a-group-of-people-walk-on-a-beach-with-surf-boards-lapgan.png, id=231,
 128.48pt x 128.48pt>
File: figures/a-group-of-people-walk-on-a-beach-with-surf-boards-lapgan.png Gra
phic file (type png)

<use figures/a-group-of-people-walk-on-a-beach-with-surf-boards-lapgan.png>
Package pdftex.def Info: figures/a-group-of-people-walk-on-a-beach-with-surf-bo
ards-lapgan.png used on input line 404.
(pdftex.def)             Requested size: 87.44717pt x 87.44757pt.
pdfTeX warning (ext4): destination with the same identifier (name{subfigure.34.
3}) has been already used, duplicate ignored
<to be read again> 
                   \relax 
l.406 \subfloat
               {\includegraphics[width=0.22\textwidth]{to-do.png}}\quad

LaTeX Warning: File `to-do.png' not found on input line 406.


! Package pdftex.def Error: File `to-do.png' not found.

See the pdftex.def package documentation for explanation.
Type  H <return>  for immediate help.
 ...                                              
                                                  
l.406 ...raphics[width=0.22\textwidth]{to-do.png}}
                                                  \quad
? 
pdfTeX warning (ext4): destination with the same identifier (name{subfigure.34.
4}) has been already used, duplicate ignored
<to be read again> 
                   \relax 
l.408 \subfloat
               {\includegraphics[width=0.22\textwidth]{to-do.png}}\quad

LaTeX Warning: File `to-do.png' not found on input line 408.


! Package pdftex.def Error: File `to-do.png' not found.

See the pdftex.def package documentation for explanation.
Type  H <return>  for immediate help.
 ...                                              
                                                  
l.408 ...raphics[width=0.22\textwidth]{to-do.png}}
                                                  \quad
? 
[5 <./figures/a-very-large-commercial-plane-flying-in-the-blue-skies-sharp.png 
(PNG copy)> <./figures/a-very-large-commercial-plane-flying-in-the-cloudy-skies
-sharp.png (PNG copy)> <./figures/a-herd-of-elephants-walking-across-a-dry-gras
s-field-sharp.png (PNG copy)> <./figures/a-herd-of-elephants-walking-across-a-g
reen-grass-field-sharp.png (PNG copy)> <./figures/the-decadent-chocolate-desser
t-is-on-the-table-2-sharp.png (PNG copy)> <./figures/a-bowl-of-bananas-is-on-th
e-table-2-sharp.png (PNG copy)> <./figures/a-vintage-photo-of-a-cat-sharp.png (
PNG copy)> <./figures/a-vintage-photo-of-a-dog-sharp.png (PNG copy)>]
(./iclr-paper.bbl [6 <./figures/a-group-of-people-walk-on-a-beach-with-surf-boa
rds-sharp.png (PNG copy)> <./figures/a-group-of-people-walk-on-a-beach-with-sur
f-boards-lapgan.png (PNG copy)>])
Package atveryend Info: Empty hook `BeforeClearDocument' on input line 421.
 [7]
Package atveryend Info: Empty hook `AfterLastShipout' on input line 421.
 (./iclr-paper.aux)
Package atveryend Info: Executing hook `AtVeryEndDocument' on input line 421.
Package atveryend Info: Executing hook `AtEndAfterFileList' on input line 421.
Package rerunfilecheck Info: File `iclr-paper.out' has not changed.
(rerunfilecheck)             Checksum: E83C17CE3CE0069B41FFD64F12278C71;848.


LaTeX Warning: There were undefined references.


LaTeX Warning: There were multiply-defined labels.

Package atveryend Info: Empty hook `AtVeryVeryEnd' on input line 421.
 ) 
Here is how much of TeX's memory you used:
 8203 strings out of 493488
 125014 string characters out of 3141326
 231117 words of memory out of 3000000
 11285 multiletter control sequences out of 15000+200000
 26752 words of font info for 59 fonts, out of 3000000 for 9000
 957 hyphenation exceptions out of 8191
 37i,14n,46p,1035b,458s stack positions out of 5000i,500n,10000p,200000b,50000s
{/usr/local/texlive/2012/texmf-dist/fonts/enc/dvips/base/8r.enc}</usr/local/t
exlive/2012/texmf-dist/fonts/type1/public/amsfonts/cm/cmex10.pfb></usr/local/te
xlive/2012/texmf-dist/fonts/type1/public/amsfonts/cmextra/cmex7.pfb></usr/local
/texlive/2012/texmf-dist/fonts/type1/public/amsfonts/cm/cmmi10.pfb></usr/local/
texlive/2012/texmf-dist/fonts/type1/public/amsfonts/cm/cmmi5.pfb></usr/local/te
xlive/2012/texmf-dist/fonts/type1/public/amsfonts/cm/cmmi7.pfb></usr/local/texl
ive/2012/texmf-dist/fonts/type1/public/amsfonts/cm/cmmib10.pfb></usr/local/texl
ive/2012/texmf-dist/fonts/type1/public/amsfonts/cmextra/cmmib7.pfb></usr/local/
texlive/2012/texmf-dist/fonts/type1/public/amsfonts/cm/cmr10.pfb></usr/local/te
xlive/2012/texmf-dist/fonts/type1/public/amsfonts/cm/cmr5.pfb></usr/local/texli
ve/2012/texmf-dist/fonts/type1/public/amsfonts/cm/cmr7.pfb></usr/local/texlive/
2012/texmf-dist/fonts/type1/public/amsfonts/cm/cmsy10.pfb></usr/local/texlive/2
012/texmf-dist/fonts/type1/public/amsfonts/cm/cmsy7.pfb></usr/local/texlive/201
2/texmf-dist/fonts/type1/public/amsfonts/cm/cmti10.pfb></usr/local/texlive/2012
/texmf-dist/fonts/type1/urw/courier/ucrr8a.pfb></usr/local/texlive/2012/texmf-d
ist/fonts/type1/urw/times/utmb8a.pfb></usr/local/texlive/2012/texmf-dist/fonts/
type1/urw/times/utmr8a.pfb></usr/local/texlive/2012/texmf-dist/fonts/type1/urw/
times/utmri8a.pfb>
Output written on iclr-paper.pdf (7 pages, 644756 bytes).
PDF statistics:
 339 PDF objects out of 1000 (max. 8388607)
 264 compressed objects within 3 object streams
 68 named destinations out of 1000 (max. 500000)
 343 words of extra memory for PDF output out of 10000 (max. 10000000)

