This is pdfTeX, Version 3.1415926-2.5-1.40.14 (TeX Live 2013/Debian) (format=pdflatex 2015.8.21)  7 OCT 2015 18:09
entering extended mode
 restricted \write18 enabled.
 %&-line parsing enabled.
**ram-paper
(./ram-paper.tex
LaTeX2e <2011/06/27>
Babel <3.9h> and hyphenation patterns for 4 languages loaded.
(/usr/share/texlive/texmf-dist/tex/latex/base/article.cls
Document Class: article 2007/10/19 v1.4h Standard LaTeX document class
(/usr/share/texlive/texmf-dist/tex/latex/base/size10.clo
File: size10.clo 2007/10/19 v1.4h Standard LaTeX file (size option)
)
\c@part=\count79
\c@section=\count80
\c@subsection=\count81
\c@subsubsection=\count82
\c@paragraph=\count83
\c@subparagraph=\count84
\c@figure=\count85
\c@table=\count86
\abovecaptionskip=\skip41
\belowcaptionskip=\skip42
\bibindent=\dimen102
)
(./nips15submit_e.sty
(/usr/share/texlive/texmf-dist/tex/latex/eso-pic/eso-pic.sty
Package: eso-pic 2013/10/06 v2.0d eso-pic (RN)

(/usr/share/texlive/texmf-dist/tex/generic/oberdiek/atbegshi.sty
Package: atbegshi 2011/10/05 v1.16 At begin shipout hook (HO)

(/usr/share/texlive/texmf-dist/tex/generic/oberdiek/infwarerr.sty
Package: infwarerr 2010/04/08 v1.3 Providing info/warning/error messages (HO)
)
(/usr/share/texlive/texmf-dist/tex/generic/oberdiek/ltxcmds.sty
Package: ltxcmds 2011/11/09 v1.22 LaTeX kernel commands for general use (HO)
)
(/usr/share/texlive/texmf-dist/tex/generic/oberdiek/ifpdf.sty
Package: ifpdf 2011/01/30 v2.3 Provides the ifpdf switch (HO)
Package ifpdf Info: pdfTeX in PDF mode is detected.
))
(/usr/share/texlive/texmf-dist/tex/latex/graphics/keyval.sty
Package: keyval 1999/03/16 v1.13 key=value parser (DPC)
\KV@toks@=\toks14
)
(/usr/share/texmf/tex/latex/xcolor/xcolor.sty
Package: xcolor 2007/01/21 v2.11 LaTeX color extensions (UK)

(/etc/texmf/tex/latex/config/color.cfg
File: color.cfg 2007/01/18 v1.5 color configuration of teTeX/TeXLive
)
Package xcolor Info: Driver file: pdftex.def on input line 225.

(/usr/share/texlive/texmf-dist/tex/latex/pdftex-def/pdftex.def
File: pdftex.def 2011/05/27 v0.06d Graphics/color for pdfTeX
\Gread@gobject=\count87
)
Package xcolor Info: Model `cmy' substituted by `cmy0' on input line 1337.
Package xcolor Info: Model `hsb' substituted by `rgb' on input line 1341.
Package xcolor Info: Model `RGB' extended on input line 1353.
Package xcolor Info: Model `HTML' substituted by `rgb' on input line 1355.
Package xcolor Info: Model `Hsb' substituted by `hsb' on input line 1356.
Package xcolor Info: Model `tHsb' substituted by `hsb' on input line 1357.
Package xcolor Info: Model `HSB' substituted by `hsb' on input line 1358.
Package xcolor Info: Model `Gray' substituted by `gray' on input line 1359.
Package xcolor Info: Model `wave' substituted by `hsb' on input line 1360.
))
\nipsrulerbox=\box26
\nipsrulercount=\count88
\nipsruleroffset=\dimen103
\cv@lineheight=\dimen104
\cv@boxheight=\dimen105
\cv@tmpbox=\box27
\cv@refno=\count89
\cv@tot=\count90
\cv@tmpc@=\count91
\cv@tmpc=\count92
)
(/usr/share/texlive/texmf-dist/tex/latex/psnfss/times.sty
Package: times 2005/04/12 PSNFSS-v9.2a (SPQR) 
)
(/usr/share/texlive/texmf-dist/tex/latex/hyperref/hyperref.sty
Package: hyperref 2012/11/06 v6.83m Hypertext links for LaTeX

(/usr/share/texlive/texmf-dist/tex/generic/oberdiek/hobsub-hyperref.sty
Package: hobsub-hyperref 2012/05/28 v1.13 Bundle oberdiek, subset hyperref (HO)


(/usr/share/texlive/texmf-dist/tex/generic/oberdiek/hobsub-generic.sty
Package: hobsub-generic 2012/05/28 v1.13 Bundle oberdiek, subset generic (HO)
Package: hobsub 2012/05/28 v1.13 Construct package bundles (HO)
Package hobsub Info: Skipping package `infwarerr' (already loaded).
Package hobsub Info: Skipping package `ltxcmds' (already loaded).
Package: ifluatex 2010/03/01 v1.3 Provides the ifluatex switch (HO)
Package ifluatex Info: LuaTeX not detected.
Package: ifvtex 2010/03/01 v1.5 Detect VTeX and its facilities (HO)
Package ifvtex Info: VTeX not detected.
Package: intcalc 2007/09/27 v1.1 Expandable calculations with integers (HO)
Package hobsub Info: Skipping package `ifpdf' (already loaded).
Package: etexcmds 2011/02/16 v1.5 Avoid name clashes with e-TeX commands (HO)
Package etexcmds Info: Could not find \expanded.
(etexcmds)             That can mean that you are not using pdfTeX 1.50 or
(etexcmds)             that some package has redefined \expanded.
(etexcmds)             In the latter case, load this package earlier.
Package: kvsetkeys 2012/04/25 v1.16 Key value parser (HO)
Package: kvdefinekeys 2011/04/07 v1.3 Define keys (HO)
Package: pdftexcmds 2011/11/29 v0.20 Utility functions of pdfTeX for LuaTeX (HO
)
Package pdftexcmds Info: LuaTeX not detected.
Package pdftexcmds Info: \pdf@primitive is available.
Package pdftexcmds Info: \pdf@ifprimitive is available.
Package pdftexcmds Info: \pdfdraftmode found.
Package: pdfescape 2011/11/25 v1.13 Implements pdfTeX's escape features (HO)
Package: bigintcalc 2012/04/08 v1.3 Expandable calculations on big integers (HO
)
Package: bitset 2011/01/30 v1.1 Handle bit-vector datatype (HO)
Package: uniquecounter 2011/01/30 v1.2 Provide unlimited unique counter (HO)
)
Package hobsub Info: Skipping package `hobsub' (already loaded).
Package: letltxmacro 2010/09/02 v1.4 Let assignment for LaTeX macros (HO)
Package: hopatch 2012/05/28 v1.2 Wrapper for package hooks (HO)
Package: xcolor-patch 2011/01/30 xcolor patch
Package: atveryend 2011/06/30 v1.8 Hooks at the very end of document (HO)
Package atveryend Info: \enddocument detected (standard20110627).
Package hobsub Info: Skipping package `atbegshi' (already loaded).
Package: refcount 2011/10/16 v3.4 Data extraction from label references (HO)
Package: hycolor 2011/01/30 v1.7 Color options for hyperref/bookmark (HO)
)
(/usr/share/texlive/texmf-dist/tex/generic/ifxetex/ifxetex.sty
Package: ifxetex 2010/09/12 v0.6 Provides ifxetex conditional
)
(/usr/share/texlive/texmf-dist/tex/latex/oberdiek/auxhook.sty
Package: auxhook 2011/03/04 v1.3 Hooks for auxiliary files (HO)
)
(/usr/share/texlive/texmf-dist/tex/latex/oberdiek/kvoptions.sty
Package: kvoptions 2011/06/30 v3.11 Key value format for package options (HO)
)
\@linkdim=\dimen106
\Hy@linkcounter=\count93
\Hy@pagecounter=\count94

(/usr/share/texlive/texmf-dist/tex/latex/hyperref/pd1enc.def
File: pd1enc.def 2012/11/06 v6.83m Hyperref: PDFDocEncoding definition (HO)
)
\Hy@SavedSpaceFactor=\count95

(/usr/share/texlive/texmf-dist/tex/latex/latexconfig/hyperref.cfg
File: hyperref.cfg 2002/06/06 v1.2 hyperref configuration of TeXLive
)
Package hyperref Info: Hyper figures OFF on input line 4443.
Package hyperref Info: Link nesting OFF on input line 4448.
Package hyperref Info: Hyper index ON on input line 4451.
Package hyperref Info: Plain pages OFF on input line 4458.
Package hyperref Info: Backreferencing OFF on input line 4463.
Package hyperref Info: Implicit mode ON; LaTeX internals redefined.
Package hyperref Info: Bookmarks ON on input line 4688.
\c@Hy@tempcnt=\count96

(/usr/share/texlive/texmf-dist/tex/latex/url/url.sty
\Urlmuskip=\muskip10
Package: url 2013/09/16  ver 3.4  Verb mode for urls, etc.
)
LaTeX Info: Redefining \url on input line 5041.
\XeTeXLinkMargin=\dimen107
\Fld@menulength=\count97
\Field@Width=\dimen108
\Fld@charsize=\dimen109
Package hyperref Info: Hyper figures OFF on input line 6295.
Package hyperref Info: Link nesting OFF on input line 6300.
Package hyperref Info: Hyper index ON on input line 6303.
Package hyperref Info: backreferencing OFF on input line 6310.
Package hyperref Info: Link coloring OFF on input line 6315.
Package hyperref Info: Link coloring with OCG OFF on input line 6320.
Package hyperref Info: PDF/A mode OFF on input line 6325.
LaTeX Info: Redefining \ref on input line 6365.
LaTeX Info: Redefining \pageref on input line 6369.
\Hy@abspage=\count98
\c@Item=\count99
\c@Hfootnote=\count100
)

Package hyperref Message: Driver (autodetected): hpdftex.

(/usr/share/texlive/texmf-dist/tex/latex/hyperref/hpdftex.def
File: hpdftex.def 2012/11/06 v6.83m Hyperref driver for pdfTeX
\Fld@listcount=\count101
\c@bookmark@seq@number=\count102

(/usr/share/texlive/texmf-dist/tex/latex/oberdiek/rerunfilecheck.sty
Package: rerunfilecheck 2011/04/15 v1.7 Rerun checks for auxiliary files (HO)
Package uniquecounter Info: New unique counter `rerunfilecheck' on input line 2
82.
)
\Hy@SectionHShift=\skip43
)
(/usr/share/texlive/texmf-dist/tex/latex/amsmath/amsmath.sty
Package: amsmath 2013/01/14 v2.14 AMS math features
\@mathmargin=\skip44

For additional information on amsmath, use the `?' option.
(/usr/share/texlive/texmf-dist/tex/latex/amsmath/amstext.sty
Package: amstext 2000/06/29 v2.01

(/usr/share/texlive/texmf-dist/tex/latex/amsmath/amsgen.sty
File: amsgen.sty 1999/11/30 v2.0
\@emptytoks=\toks15
\ex@=\dimen110
))
(/usr/share/texlive/texmf-dist/tex/latex/amsmath/amsbsy.sty
Package: amsbsy 1999/11/29 v1.2d
\pmbraise@=\dimen111
)
(/usr/share/texlive/texmf-dist/tex/latex/amsmath/amsopn.sty
Package: amsopn 1999/12/14 v2.01 operator names
)
\inf@bad=\count103
LaTeX Info: Redefining \frac on input line 210.
\uproot@=\count104
\leftroot@=\count105
LaTeX Info: Redefining \overline on input line 306.
\classnum@=\count106
\DOTSCASE@=\count107
LaTeX Info: Redefining \ldots on input line 378.
LaTeX Info: Redefining \dots on input line 381.
LaTeX Info: Redefining \cdots on input line 466.
\Mathstrutbox@=\box28
\strutbox@=\box29
\big@size=\dimen112
LaTeX Font Info:    Redeclaring font encoding OML on input line 566.
LaTeX Font Info:    Redeclaring font encoding OMS on input line 567.
\macc@depth=\count108
\c@MaxMatrixCols=\count109
\dotsspace@=\muskip11
\c@parentequation=\count110
\dspbrk@lvl=\count111
\tag@help=\toks16
\row@=\count112
\column@=\count113
\maxfields@=\count114
\andhelp@=\toks17
\eqnshift@=\dimen113
\alignsep@=\dimen114
\tagshift@=\dimen115
\tagwidth@=\dimen116
\totwidth@=\dimen117
\lineht@=\dimen118
\@envbody=\toks18
\multlinegap=\skip45
\multlinetaggap=\skip46
\mathdisplay@stack=\toks19
LaTeX Info: Redefining \[ on input line 2665.
LaTeX Info: Redefining \] on input line 2666.
)
(/usr/share/texlive/texmf-dist/tex/latex/amsfonts/amsfonts.sty
Package: amsfonts 2013/01/14 v3.01 Basic AMSFonts support
\symAMSa=\mathgroup4
\symAMSb=\mathgroup5
LaTeX Font Info:    Overwriting math alphabet `\mathfrak' in version `bold'
(Font)                  U/euf/m/n --> U/euf/b/n on input line 106.
)
(/usr/share/texlive/texmf-dist/tex/latex/graphics/graphicx.sty
Package: graphicx 1999/02/16 v1.0f Enhanced LaTeX Graphics (DPC,SPQR)

(/usr/share/texlive/texmf-dist/tex/latex/graphics/graphics.sty
Package: graphics 2009/02/05 v1.0o Standard LaTeX Graphics (DPC,SPQR)

(/usr/share/texlive/texmf-dist/tex/latex/graphics/trig.sty
Package: trig 1999/03/16 v1.09 sin cos tan (DPC)
)
(/etc/texmf/tex/latex/config/graphics.cfg
File: graphics.cfg 2009/08/28 v1.8 graphics configuration of TeX Live
)
Package graphics Info: Driver file: pdftex.def on input line 91.
)
\Gin@req@height=\dimen119
\Gin@req@width=\dimen120
)
(/usr/share/texlive/texmf-dist/tex/latex/caption/caption.sty
Package: caption 2013/05/02 v3.3-89 Customizing captions (AR)

(/usr/share/texlive/texmf-dist/tex/latex/caption/caption3.sty
Package: caption3 2013/05/02 v1.6-88 caption3 kernel (AR)
Package caption3 Info: TeX engine: e-TeX on input line 57.
\captionmargin=\dimen121
\captionmargin@=\dimen122
\captionwidth=\dimen123
\caption@tempdima=\dimen124
\caption@indent=\dimen125
\caption@parindent=\dimen126
\caption@hangindent=\dimen127
)
\c@ContinuedFloat=\count115
Package caption Info: hyperref package is loaded.
)
(/usr/share/texlive/texmf-dist/tex/latex/subfig/subfig.sty
Package: subfig 2005/06/28 ver: 1.3 subfig package
\c@KVtest=\count116
\sf@farskip=\skip47
\sf@captopadj=\dimen128
\sf@capskip=\skip48
\sf@nearskip=\skip49
\c@subfigure=\count117
\c@subfigure@save=\count118
\c@lofdepth=\count119
\c@subtable=\count120
\c@subtable@save=\count121
\c@lotdepth=\count122
\sf@top=\skip50
\sf@bottom=\skip51
)
(/usr/share/texlive/texmf-dist/tex/latex/tabulary/tabulary.sty
Package: tabulary 2008/12/01 v0.9 tabulary package (DPC)

(/usr/share/texlive/texmf-dist/tex/latex/tools/array.sty
Package: array 2008/09/09 v2.4c Tabular extension package (FMi)
\col@sep=\dimen129
\extrarowheight=\dimen130
\NC@list=\toks20
\extratabsurround=\skip52
\backup@length=\skip53
)
\TY@count=\count123
\TY@linewidth=\dimen131
\tymin=\dimen132
\tymax=\dimen133
\TY@tablewidth=\dimen134
)
(/usr/share/texlive/texmf-dist/tex/latex/soul/soul.sty
Package: soul 2003/11/17 v2.4 letterspacing/underlining (mf)
\SOUL@word=\toks21
\SOUL@lasttoken=\toks22
\SOUL@cmds=\toks23
\SOUL@buffer=\toks24
\SOUL@token=\toks25
\SOUL@spaceskip=\skip54
\SOUL@ttwidth=\dimen135
\SOUL@uldp=\dimen136
\SOUL@ulht=\dimen137
)
(/usr/share/texlive/texmf-dist/tex/latex/natbib/natbib.sty
Package: natbib 2010/09/13 8.31b (PWD, AO)
\bibhang=\skip55
\bibsep=\skip56
LaTeX Info: Redefining \cite on input line 694.
\c@NAT@ctr=\count124
) (./ram-paper.aux)
\openout1 = `ram-paper.aux'.

LaTeX Font Info:    Checking defaults for OML/cmm/m/it on input line 86.
LaTeX Font Info:    ... okay on input line 86.
LaTeX Font Info:    Checking defaults for T1/cmr/m/n on input line 86.
LaTeX Font Info:    ... okay on input line 86.
LaTeX Font Info:    Checking defaults for OT1/cmr/m/n on input line 86.
LaTeX Font Info:    ... okay on input line 86.
LaTeX Font Info:    Checking defaults for OMS/cmsy/m/n on input line 86.
LaTeX Font Info:    ... okay on input line 86.
LaTeX Font Info:    Checking defaults for OMX/cmex/m/n on input line 86.
LaTeX Font Info:    ... okay on input line 86.
LaTeX Font Info:    Checking defaults for U/cmr/m/n on input line 86.
LaTeX Font Info:    ... okay on input line 86.
LaTeX Font Info:    Checking defaults for PD1/pdf/m/n on input line 86.
LaTeX Font Info:    ... okay on input line 86.
LaTeX Font Info:    Try loading font information for OT1+ptm on input line 86.

(/usr/share/texlive/texmf-dist/tex/latex/psnfss/ot1ptm.fd
File: ot1ptm.fd 2001/06/04 font definitions for OT1/ptm.
)
\AtBeginShipoutBox=\box30

(/usr/share/texlive/texmf-dist/tex/context/base/supp-pdf.mkii
[Loading MPS to PDF converter (version 2006.09.02).]
\scratchcounter=\count125
\scratchdimen=\dimen138
\scratchbox=\box31
\nofMPsegments=\count126
\nofMParguments=\count127
\everyMPshowfont=\toks26
\MPscratchCnt=\count128
\MPscratchDim=\dimen139
\MPnumerator=\count129
\makeMPintoPDFobject=\count130
\everyMPtoPDFconversion=\toks27
)
Package hyperref Info: Link coloring OFF on input line 86.
 (/usr/share/texlive/texmf-dist/tex/latex/hyperref/nameref.sty
Package: nameref 2012/10/27 v2.43 Cross-referencing by name of section

(/usr/share/texlive/texmf-dist/tex/generic/oberdiek/gettitlestring.sty
Package: gettitlestring 2010/12/03 v1.4 Cleanup title references (HO)
)
\c@section@level=\count131
)
LaTeX Info: Redefining \ref on input line 86.
LaTeX Info: Redefining \pageref on input line 86.
LaTeX Info: Redefining \nameref on input line 86.

(./ram-paper.out) (./ram-paper.out)
\@outlinefile=\write3
\openout3 = `ram-paper.out'.

Package caption Info: Begin \AtBeginDocument code.
Package caption Info: subfig package v1.3 is loaded.
Package caption Info: End \AtBeginDocument code.
LaTeX Font Info:    Font shape `OT1/ptm/bx/n' in size <17.28> not available
(Font)              Font shape `OT1/ptm/b/n' tried instead on input line 89.
LaTeX Font Info:    Try loading font information for U+msa on input line 89.

(/usr/share/texlive/texmf-dist/tex/latex/amsfonts/umsa.fd
File: umsa.fd 2013/01/14 v3.01 AMS symbols A
)
LaTeX Font Info:    Try loading font information for U+msb on input line 89.

(/usr/share/texlive/texmf-dist/tex/latex/amsfonts/umsb.fd
File: umsb.fd 2013/01/14 v3.01 AMS symbols B
)
LaTeX Font Info:    Font shape `OT1/ptm/bx/n' in size <10> not available
(Font)              Font shape `OT1/ptm/b/n' tried instead on input line 89.
LaTeX Font Info:    Try loading font information for OT1+pcr on input line 89.

(/usr/share/texlive/texmf-dist/tex/latex/psnfss/ot1pcr.fd
File: ot1pcr.fd 2001/06/04 font definitions for OT1/pcr.
)
LaTeX Font Info:    Font shape `OT1/ptm/bx/n' in size <12> not available
(Font)              Font shape `OT1/ptm/b/n' tried instead on input line 90.

<../figures/alignDraw-cropped.pdf, id=56, 598.235pt x 253.94875pt>
File: ../figures/alignDraw-cropped.pdf Graphic file (type pdf)

<use ../figures/alignDraw-cropped.pdf>
Package pdftex.def Info: ../figures/alignDraw-cropped.pdf used on input line 11
4.
(pdftex.def)             Requested size: 393.51231pt x 167.04869pt.

Underfull \vbox (badness 10000) has occurred while \output is active []

 [1{/var/lib/texmf/fonts/map/pdftex/updmap/pdftex.map}

]
Underfull \vbox (badness 10000) has occurred while \output is active []

 [2 <../figures/alignDraw-cropped.pdf>] [3]
<../figures/new/a-yellow-school-bus-parked-in-a-parking-lot-sharp.png, id=137, 
134.5025pt x 66.2475pt>
File: ../figures/new/a-yellow-school-bus-parked-in-a-parking-lot-sharp.png Grap
hic file (type png)

<use ../figures/new/a-yellow-school-bus-parked-in-a-parking-lot-sharp.png>
Package pdftex.def Info: ../figures/new/a-yellow-school-bus-parked-in-a-parking
-lot-sharp.png used on input line 354.
(pdftex.def)             Requested size: 91.41985pt x 45.02748pt.

Underfull \hbox (badness 10000) in paragraph at lines 354--354
[]|\OT1/ptm/m/n/9 A $[]$ school bus
 []


<../figures/new/a-red-school-bus-parked-in-a-parking-lot-sharp.png, id=138, 134
.5025pt x 66.2475pt>
File: ../figures/new/a-red-school-bus-parked-in-a-parking-lot-sharp.png Graphic
 file (type png)

<use ../figures/new/a-red-school-bus-parked-in-a-parking-lot-sharp.png>
Package pdftex.def Info: ../figures/new/a-red-school-bus-parked-in-a-parking-lo
t-sharp.png used on input line 357.
(pdftex.def)             Requested size: 91.41985pt x 45.02748pt.

<../figures/new/a-green-school-bus-parked-in-a-parking-lot-sharp.png, id=139, 1
34.5025pt x 66.2475pt>
File: ../figures/new/a-green-school-bus-parked-in-a-parking-lot-sharp.png Graph
ic file (type png)

<use ../figures/new/a-green-school-bus-parked-in-a-parking-lot-sharp.png>
Package pdftex.def Info: ../figures/new/a-green-school-bus-parked-in-a-parking-
lot-sharp.png used on input line 360.
(pdftex.def)             Requested size: 91.41985pt x 45.02748pt.

Underfull \hbox (badness 10000) in paragraph at lines 360--360
[]|\OT1/ptm/m/n/9 A $[]$ school bus
 []


<../figures/new/a-blue-school-bus-parked-in-a-parking-lot-sharp.png, id=140, 13
4.5025pt x 66.2475pt>
File: ../figures/new/a-blue-school-bus-parked-in-a-parking-lot-sharp.png Graphi
c file (type png)

<use ../figures/new/a-blue-school-bus-parked-in-a-parking-lot-sharp.png>
Package pdftex.def Info: ../figures/new/a-blue-school-bus-parked-in-a-parking-l
ot-sharp.png used on input line 363.
(pdftex.def)             Requested size: 91.41985pt x 45.02748pt.

<../figures/new/a-very-large-commercial-plane-flying-in-blue-skies-closest.png,
 id=142, 134.5025pt x 66.2475pt>
File: ../figures/new/a-very-large-commercial-plane-flying-in-blue-skies-closest
.png Graphic file (type png)

<use ../figures/new/a-very-large-commercial-plane-flying-in-blue-skies-closest.
png>
Package pdftex.def Info: ../figures/new/a-very-large-commercial-plane-flying-in
-blue-skies-closest.png used on input line 376.
(pdftex.def)             Requested size: 91.41985pt x 45.02748pt.

<../figures/new/a-very-large-commercial-plane-flying-in-rainy-skies-closest.png
, id=143, 134.5025pt x 66.2475pt>
File: ../figures/new/a-very-large-commercial-plane-flying-in-rainy-skies-closes
t.png Graphic file (type png)

<use ../figures/new/a-very-large-commercial-plane-flying-in-rainy-skies-closest
.png>
Package pdftex.def Info: ../figures/new/a-very-large-commercial-plane-flying-in
-rainy-skies-closest.png used on input line 378.
(pdftex.def)             Requested size: 91.41985pt x 45.02748pt.

<../figures/new/a-herd-of-elephants-walking-across-a-dry-grass-field-closest.pn
g, id=144, 134.5025pt x 66.2475pt>
File: ../figures/new/a-herd-of-elephants-walking-across-a-dry-grass-field-close
st.png Graphic file (type png)

<use ../figures/new/a-herd-of-elephants-walking-across-a-dry-grass-field-closes
t.png>
Package pdftex.def Info: ../figures/new/a-herd-of-elephants-walking-across-a-dr
y-grass-field-closest.png used on input line 380.
(pdftex.def)             Requested size: 91.41985pt x 45.02748pt.

<../figures/new/a-herd-of-elephants-walking-across-a-green-grass-field-closest.
png, id=145, 134.5025pt x 66.2475pt>
File: ../figures/new/a-herd-of-elephants-walking-across-a-green-grass-field-clo
sest.png Graphic file (type png)

<use ../figures/new/a-herd-of-elephants-walking-across-a-green-grass-field-clos
est.png>
Package pdftex.def Info: ../figures/new/a-herd-of-elephants-walking-across-a-gr
een-grass-field-closest.png used on input line 382.
(pdftex.def)             Requested size: 91.41985pt x 45.02748pt.

<../figures/new/a-very-large-commercial-plane-flying-in-blue-skies-sharp.png, i
d=146, 134.5025pt x 66.2475pt>
File: ../figures/new/a-very-large-commercial-plane-flying-in-blue-skies-sharp.p
ng Graphic file (type png)

<use ../figures/new/a-very-large-commercial-plane-flying-in-blue-skies-sharp.pn
g>
Package pdftex.def Info: ../figures/new/a-very-large-commercial-plane-flying-in
-blue-skies-sharp.png used on input line 386.
(pdftex.def)             Requested size: 91.41985pt x 45.02748pt.

<../figures/new/a-very-large-commercial-plane-flying-in-rainy-skies-sharp.png, 
id=147, 134.5025pt x 66.2475pt>
File: ../figures/new/a-very-large-commercial-plane-flying-in-rainy-skies-sharp.
png Graphic file (type png)

<use ../figures/new/a-very-large-commercial-plane-flying-in-rainy-skies-sharp.p
ng>
Package pdftex.def Info: ../figures/new/a-very-large-commercial-plane-flying-in
-rainy-skies-sharp.png used on input line 389.
(pdftex.def)             Requested size: 91.41985pt x 45.02748pt.

Underfull \hbox (badness 2717) in paragraph at lines 389--389
[]|\OT1/ptm/m/n/9 A very large com-mer-
 []


<../figures/new/a-herd-of-elephants-walking-across-a-dry-grass-field-sharp.png,
 id=148, 134.5025pt x 66.2475pt>
File: ../figures/new/a-herd-of-elephants-walking-across-a-dry-grass-field-sharp
.png Graphic file (type png)

<use ../figures/new/a-herd-of-elephants-walking-across-a-dry-grass-field-sharp.
png>
Package pdftex.def Info: ../figures/new/a-herd-of-elephants-walking-across-a-dr
y-grass-field-sharp.png used on input line 392.
(pdftex.def)             Requested size: 91.41985pt x 45.02748pt.

Underfull \hbox (badness 1715) in paragraph at lines 392--392
\OT1/ptm/m/n/9 ing across a $[]$ grass
 []


<../figures/new/a-herd-of-elephants-walking-across-a-green-grass-field-sharp.pn
g, id=149, 134.5025pt x 66.2475pt>
File: ../figures/new/a-herd-of-elephants-walking-across-a-green-grass-field-sha
rp.png Graphic file (type png)

<use ../figures/new/a-herd-of-elephants-walking-across-a-green-grass-field-shar
p.png>
Package pdftex.def Info: ../figures/new/a-herd-of-elephants-walking-across-a-gr
een-grass-field-sharp.png used on input line 395.
(pdftex.def)             Requested size: 91.41985pt x 45.02748pt.


LaTeX Warning: `!h' float specifier changed to `!ht'.

[4 <../figures/new/a-yellow-school-bus-parked-in-a-parking-lot-sharp.png (PNG c
opy)> <../figures/new/a-red-school-bus-parked-in-a-parking-lot-sharp.png (PNG c
opy)> <../figures/new/a-green-school-bus-parked-in-a-parking-lot-sharp.png (PNG
 copy)> <../figures/new/a-blue-school-bus-parked-in-a-parking-lot-sharp.png (PN
G copy)>]
<../figures/new/the-decadent-chocolate-dessert-is-on-the-table-sharp.png, id=16
3, 134.5025pt x 66.2475pt>
File: ../figures/new/the-decadent-chocolate-dessert-is-on-the-table-sharp.png G
raphic file (type png)

<use ../figures/new/the-decadent-chocolate-dessert-is-on-the-table-sharp.png>
Package pdftex.def Info: ../figures/new/the-decadent-chocolate-dessert-is-on-th
e-table-sharp.png used on input line 409.
(pdftex.def)             Requested size: 91.41985pt x 45.02748pt.

Underfull \hbox (badness 10000) in paragraph at lines 409--409
[]|$[]$
 []


<../figures/new/a-bowl-of-bananas-is-on-the-table-sharp.png, id=164, 134.5025pt
 x 66.2475pt>
File: ../figures/new/a-bowl-of-bananas-is-on-the-table-sharp.png Graphic file (
type png)
 <use ../figures/new/a-bowl-of-bananas-is-on-the-table-sharp.png>
Package pdftex.def Info: ../figures/new/a-bowl-of-bananas-is-on-the-table-sharp
.png used on input line 412.
(pdftex.def)             Requested size: 91.41985pt x 45.02748pt.

<../figures/new/a-vintage-photo-of-a-cat-sharp.png, id=165, 134.5025pt x 66.247
5pt>
File: ../figures/new/a-vintage-photo-of-a-cat-sharp.png Graphic file (type png)

 <use ../figures/new/a-vintage-photo-of-a-cat-sharp.png>
Package pdftex.def Info: ../figures/new/a-vintage-photo-of-a-cat-sharp.png used
 on input line 415.
(pdftex.def)             Requested size: 91.41985pt x 45.02748pt.

<../figures/new/a-vintage-photo-of-a-dog-sharp.png, id=166, 134.5025pt x 66.247
5pt>
File: ../figures/new/a-vintage-photo-of-a-dog-sharp.png Graphic file (type png)

 <use ../figures/new/a-vintage-photo-of-a-dog-sharp.png>
Package pdftex.def Info: ../figures/new/a-vintage-photo-of-a-dog-sharp.png used
 on input line 418.
(pdftex.def)             Requested size: 91.41985pt x 45.02748pt.

<../figures/new/a-rider-on-a-blue-motorcycle-in-the-desert-sharp.png, id=168, 1
34.5025pt x 66.2475pt>
File: ../figures/new/a-rider-on-a-blue-motorcycle-in-the-desert-sharp.png Graph
ic file (type png)

<use ../figures/new/a-rider-on-a-blue-motorcycle-in-the-desert-sharp.png>
Package pdftex.def Info: ../figures/new/a-rider-on-a-blue-motorcycle-in-the-des
ert-sharp.png used on input line 436.
(pdftex.def)             Requested size: 91.41985pt x 45.02748pt.

<../figures/new/a-rider-on-a-blue-motorcycle-in-the-forest-sharp.png, id=169, 1
34.5025pt x 66.2475pt>
File: ../figures/new/a-rider-on-a-blue-motorcycle-in-the-forest-sharp.png Graph
ic file (type png)

<use ../figures/new/a-rider-on-a-blue-motorcycle-in-the-forest-sharp.png>
Package pdftex.def Info: ../figures/new/a-rider-on-a-blue-motorcycle-in-the-for
est-sharp.png used on input line 439.
(pdftex.def)             Requested size: 91.41985pt x 45.02748pt.

<../figures/new/a-surfer-,-a-woman-,-and-a-child-walk-on-the-beach-sharp.png, i
d=170, 134.5025pt x 66.2475pt>
File: ../figures/new/a-surfer-,-a-woman-,-and-a-child-walk-on-the-beach-sharp.p
ng Graphic file (type png)

<use ../figures/new/a-surfer-,-a-woman-,-and-a-child-walk-on-the-beach-sharp.pn
g>
Package pdftex.def Info: ../figures/new/a-surfer-,-a-woman-,-and-a-child-walk-o
n-the-beach-sharp.png used on input line 442.
(pdftex.def)             Requested size: 91.41985pt x 45.02748pt.

<../figures/new/a-surfer-,-a-woman-,-and-a-child-walk-on-the-sun-sharp.png, id=
171, 134.5025pt x 66.2475pt>
File: ../figures/new/a-surfer-,-a-woman-,-and-a-child-walk-on-the-sun-sharp.png
 Graphic file (type png)

<use ../figures/new/a-surfer-,-a-woman-,-and-a-child-walk-on-the-sun-sharp.png>
Package pdftex.def Info: ../figures/new/a-surfer-,-a-woman-,-and-a-child-walk-o
n-the-sun-sharp.png used on input line 445.
(pdftex.def)             Requested size: 91.41985pt x 45.02748pt.

LaTeX Warning: `!h' float specifier changed to `!ht'.


<../figures/new/a-group-of-people-walk-on-a-beach-with-surf-boards-sharp.png, i
d=172, 134.5025pt x 134.5025pt>
File: ../figures/new/a-group-of-people-walk-on-a-beach-with-surf-boards-sharp.p
ng Graphic file (type png)

<use ../figures/new/a-group-of-people-walk-on-a-beach-with-surf-boards-sharp.pn
g>
Package pdftex.def Info: ../figures/new/a-group-of-people-walk-on-a-beach-with-
surf-boards-sharp.png used on input line 459.
(pdftex.def)             Requested size: 91.41985pt x 91.41942pt.

<../figures/a-group-of-people-walk-on-a-beach-with-surf-boards-lapgan.png, id=1
73, 134.5025pt x 134.5025pt>
File: ../figures/a-group-of-people-walk-on-a-beach-with-surf-boards-lapgan.png 
Graphic file (type png)

<use ../figures/a-group-of-people-walk-on-a-beach-with-surf-boards-lapgan.png>
Package pdftex.def Info: ../figures/a-group-of-people-walk-on-a-beach-with-surf
-boards-lapgan.png used on input line 461.
(pdftex.def)             Requested size: 91.41985pt x 91.41942pt.

<../figures/a-group-of-people-walk-on-a-beach-with-surf-boards-convdeconvvae.pn
g, id=174, 134.5025pt x 134.5025pt>
File: ../figures/a-group-of-people-walk-on-a-beach-with-surf-boards-convdeconvv
ae.png Graphic file (type png)

<use ../figures/a-group-of-people-walk-on-a-beach-with-surf-boards-convdeconvva
e.png>
Package pdftex.def Info: ../figures/a-group-of-people-walk-on-a-beach-with-surf
-boards-convdeconvvae.png used on input line 463.
(pdftex.def)             Requested size: 91.41985pt x 91.41942pt.

<../figures/a-group-of-people-walk-on-a-beach-with-surf-boards-fcvae.png, id=17
5, 134.5025pt x 134.5025pt>
File: ../figures/a-group-of-people-walk-on-a-beach-with-surf-boards-fcvae.png G
raphic file (type png)

<use ../figures/a-group-of-people-walk-on-a-beach-with-surf-boards-fcvae.png>
Package pdftex.def Info: ../figures/a-group-of-people-walk-on-a-beach-with-surf
-boards-fcvae.png used on input line 465.
(pdftex.def)             Requested size: 91.41985pt x 91.41942pt.

[5 <../figures/new/a-very-large-commercial-plane-flying-in-blue-skies-closest.p
ng (PNG copy)> <../figures/new/a-very-large-commercial-plane-flying-in-rainy-sk
ies-closest.png (PNG copy)> <../figures/new/a-herd-of-elephants-walking-across-
a-dry-grass-field-closest.png (PNG copy)> <../figures/new/a-herd-of-elephants-w
alking-across-a-green-grass-field-closest.png (PNG copy)> <../figures/new/a-ver
y-large-commercial-plane-flying-in-blue-skies-sharp.png (PNG copy)> <../figures
/new/a-very-large-commercial-plane-flying-in-rainy-skies-sharp.png (PNG copy)> 
<../figures/new/a-herd-of-elephants-walking-across-a-dry-grass-field-sharp.png 
(PNG copy)> <../figures/new/a-herd-of-elephants-walking-across-a-green-grass-fi
eld-sharp.png (PNG copy)> <../figures/new/the-decadent-chocolate-dessert-is-on-
the-table-sharp.png (PNG copy)> <../figures/new/a-bowl-of-bananas-is-on-the-tab
le-sharp.png (PNG copy)> <../figures/new/a-vintage-photo-of-a-cat-sharp.png (PN
G copy)> <../figures/new/a-vintage-photo-of-a-dog-sharp.png (PNG copy)>]

Package tabulary Warning: No suitable columns! on input line 497.

(./ram-paper.bbl [6 <../figures/new/a-rider-on-a-blue-motorcycle-in-the-desert-
sharp.png (PNG copy)> <../figures/new/a-rider-on-a-blue-motorcycle-in-the-fores
t-sharp.png (PNG copy)> <../figures/new/a-surfer-,-a-woman-,-and-a-child-walk-o
n-the-beach-sharp.png (PNG copy)> <../figures/new/a-surfer-,-a-woman-,-and-a-ch
ild-walk-on-the-sun-sharp.png (PNG copy)> <../figures/new/a-group-of-people-wal
k-on-a-beach-with-surf-boards-sharp.png (PNG copy)> <../figures/a-group-of-peop
le-walk-on-a-beach-with-surf-boards-lapgan.png (PNG copy)> <../figures/a-group-
of-people-walk-on-a-beach-with-surf-boards-convdeconvvae.png (PNG copy)> <../fi
gures/a-group-of-people-walk-on-a-beach-with-surf-boards-fcvae.png (PNG copy)>]
)
Package atveryend Info: Empty hook `BeforeClearDocument' on input line 504.
 [7]
Package atveryend Info: Empty hook `AfterLastShipout' on input line 504.
 (./ram-paper.aux)
Package atveryend Info: Executing hook `AtVeryEndDocument' on input line 504.
Package atveryend Info: Executing hook `AtEndAfterFileList' on input line 504.
Package rerunfilecheck Info: File `ram-paper.out' has not changed.
(rerunfilecheck)             Checksum: 777578C0ED5A37F8352BC061685E7665;765.
Package atveryend Info: Empty hook `AtVeryVeryEnd' on input line 504.
 ) 
Here is how much of TeX's memory you used:
 8372 strings out of 494989
 128599 string characters out of 6180577
 226559 words of memory out of 5000000
 11361 multiletter control sequences out of 15000+600000
 26778 words of font info for 69 fonts, out of 8000000 for 9000
 36 hyphenation exceptions out of 8191
 37i,15n,47p,1287b,582s stack positions out of 5000i,500n,10000p,200000b,80000s
{/usr/share/texlive/texmf-dist/fonts/enc/dvips/base/8r.enc}</usr/share/texliv
e/texmf-dist/fonts/type1/public/amsfonts/cm/cmbx10.pfb></usr/share/texlive/texm
f-dist/fonts/type1/public/amsfonts/cm/cmbx7.pfb></usr/share/texlive/texmf-dist/
fonts/type1/public/amsfonts/cm/cmex10.pfb></usr/share/texlive/texmf-dist/fonts/
type1/public/amsfonts/cm/cmmi10.pfb></usr/share/texlive/texmf-dist/fonts/type1/
public/amsfonts/cm/cmmi5.pfb></usr/share/texlive/texmf-dist/fonts/type1/public/
amsfonts/cm/cmmi7.pfb></usr/share/texlive/texmf-dist/fonts/type1/public/amsfont
s/cm/cmmib10.pfb></usr/share/texlive/texmf-dist/fonts/type1/public/amsfonts/cme
xtra/cmmib7.pfb></usr/share/texlive/texmf-dist/fonts/type1/public/amsfonts/cm/c
mr10.pfb></usr/share/texlive/texmf-dist/fonts/type1/public/amsfonts/cm/cmr5.pfb
></usr/share/texlive/texmf-dist/fonts/type1/public/amsfonts/cm/cmr7.pfb></usr/s
hare/texlive/texmf-dist/fonts/type1/public/amsfonts/cm/cmsy10.pfb></usr/share/t
exlive/texmf-dist/fonts/type1/public/amsfonts/cm/cmsy7.pfb></usr/share/texlive/
texmf-dist/fonts/type1/public/amsfonts/cm/cmti10.pfb></usr/share/texlive/texmf-
dist/fonts/type1/public/amsfonts/symbols/msbm10.pfb></usr/share/texlive/texmf-d
ist/fonts/type1/urw/courier/ucrr8a.pfb></usr/share/texlive/texmf-dist/fonts/typ
e1/urw/helvetic/uhvb8a.pfb></usr/share/texlive/texmf-dist/fonts/type1/urw/times
/utmb8a.pfb></usr/share/texlive/texmf-dist/fonts/type1/urw/times/utmr8a.pfb></u
sr/share/texlive/texmf-dist/fonts/type1/urw/times/utmri8a.pfb>
Output written on ram-paper.pdf (7 pages, 748392 bytes).
PDF statistics:
 299 PDF objects out of 1000 (max. 8388607)
 80 named destinations out of 1000 (max. 500000)
 214 words of extra memory for PDF output out of 10000 (max. 10000000)

